<?xml version="1.0" encoding="UTF-8"?>
<!-- Generated by org.testng.reporters.JUnitReportReporter -->
<testsuite hostname="root.local" failures="0" tests="1" name="runner.RunCucumber" time="14.035" errors="0" timestamp="2022-09-02T02:02:34 EDT" skipped="0">
  <testcase classname="runner.RunCucumber" name="runScenario" time="14.035"/>
  <system-out/>
</testsuite> <!-- runner.RunCucumber -->
