<?xml version="1.0" encoding="UTF-8"?>
<!-- Generated by org.testng.reporters.JUnitReportReporter -->
<testsuite hostname="root.local" failures="0" tests="1" name="runner.RunCucumber" time="12.964" errors="0" timestamp="2022-09-02T00:51:35 EDT" skipped="0">
  <testcase classname="runner.RunCucumber" name="runScenario" time="12.964"/>
  <system-out/>
</testsuite> <!-- runner.RunCucumber -->
